   1               		.file	"pcf857x.c"
   2               	__SREG__ = 0x3f
   3               	__SP_H__ = 0x3e
   4               	__SP_L__ = 0x3d
   5               	__tmp_reg__ = 0
   6               	__zero_reg__ = 1
   7               		.global __do_copy_data
   8               		.global __do_clear_bss
  16               	.Ltext0:
  17               	.global	TwI_start
  19               	TwI_start:
  20               	.LFB1:
  21               	.LM1:
  22               	/* prologue: function */
  23               	/* frame size = 0 */
  24               	.LM2:
  25 0000 84EA      		ldi r24,lo8(-92)
  26 0002 86BF      		out 86-0x20,r24
  27               	.L2:
  28               	.LM3:
  29 0004 06B6      		in __tmp_reg__,86-0x20
  30 0006 07FE      		sbrs __tmp_reg__,7
  31 0008 00C0      		rjmp .L2
  32               	/* epilogue start */
  33               	.LM4:
  34 000a 0895      		ret
  35               	.LFE1:
  37               	.global	TWI_write
  39               	TWI_write:
  40               	.LFB2:
  41               	.LM5:
  42               	.LVL0:
  43               	/* prologue: function */
  44               	/* frame size = 0 */
  45               	.LM6:
  46 000c 83B9      		out 35-0x20,r24
  47               	.LM7:
  48 000e 84E8      		ldi r24,lo8(-124)
  49               	.LVL1:
  50 0010 86BF      		out 86-0x20,r24
  51               	.L7:
  52               	.LM8:
  53 0012 06B6      		in __tmp_reg__,86-0x20
  54 0014 07FE      		sbrs __tmp_reg__,7
  55 0016 00C0      		rjmp .L7
  56               	/* epilogue start */
  57               	.LM9:
  58 0018 0895      		ret
  59               	.LFE2:
  61               	.global	TWI_stop
  63               	TWI_stop:
  64               	.LFB3:
  65               	.LM10:
  66               	/* prologue: function */
  67               	/* frame size = 0 */
  68               	.LM11:
  69 001a 84E9      		ldi r24,lo8(-108)
  70 001c 86BF      		out 86-0x20,r24
  71               	/* epilogue start */
  72               	.LM12:
  73 001e 0895      		ret
  74               	.LFE3:
  76               	.global	lcdinit
  78               	lcdinit:
  79               	.LFB4:
  80               	.LM13:
  81               	/* prologue: function */
  82               	/* frame size = 0 */
  83               	.LM14:
  84 0020 85B3      		in r24,53-0x20
  85 0022 8063      		ori r24,lo8(48)
  86 0024 85BB      		out 53-0x20,r24
  87 0026 84E3      		ldi r24,lo8(52)
  88 0028 80B9      		out 32-0x20,r24
  89               	.LM15:
  90 002a 80E0      		ldi r24,lo8(mystdout)
  91 002c 90E0      		ldi r25,hi8(mystdout)
  92 002e 9093 0000 		sts (__iob+2)+1,r25
  93 0032 8093 0000 		sts __iob+2,r24
  94               	.LM16:
  95 0036 1092 0000 		sts pos_x,__zero_reg__
  96               	.LM17:
  97 003a 1092 0000 		sts pos_y,__zero_reg__
  98               	.LBB66:
  99               	.LBB67:
 100               	.LM18:
 101 003e 84EA      		ldi r24,lo8(-92)
 102 0040 86BF      		out 86-0x20,r24
 103               	.L13:
 104               	.LM19:
 105 0042 06B6      		in __tmp_reg__,86-0x20
 106 0044 07FE      		sbrs __tmp_reg__,7
 107 0046 00C0      		rjmp .L13
 108               	.LBE67:
 109               	.LBE66:
 110               	.LBB68:
 111               	.LBB69:
 112               	.LM20:
 113 0048 88E7      		ldi r24,lo8(120)
 114 004a 83B9      		out 35-0x20,r24
 115               	.LM21:
 116 004c 84E8      		ldi r24,lo8(-124)
 117 004e 86BF      		out 86-0x20,r24
 118               	.L14:
 119               	.LM22:
 120 0050 06B6      		in __tmp_reg__,86-0x20
 121 0052 07FE      		sbrs __tmp_reg__,7
 122 0054 00C0      		rjmp .L14
 123               	.LBE69:
 124               	.LBE68:
 125               	.LBB70:
 126               	.LBB71:
 127               	.LM23:
 128 0056 84EC      		ldi r24,lo8(-60)
 129 0058 83B9      		out 35-0x20,r24
 130               	.LM24:
 131 005a 84E8      		ldi r24,lo8(-124)
 132 005c 86BF      		out 86-0x20,r24
 133               	.L15:
 134               	.LM25:
 135 005e 06B6      		in __tmp_reg__,86-0x20
 136 0060 07FE      		sbrs __tmp_reg__,7
 137 0062 00C0      		rjmp .L15
 138               	.LBE71:
 139               	.LBE70:
 140               	.LBB72:
 141               	.LBB73:
 142               	.LM26:
 143 0064 8CE7      		ldi r24,lo8(124)
 144 0066 83B9      		out 35-0x20,r24
 145               	.LM27:
 146 0068 84E8      		ldi r24,lo8(-124)
 147 006a 86BF      		out 86-0x20,r24
 148               	.L16:
 149               	.LM28:
 150 006c 06B6      		in __tmp_reg__,86-0x20
 151 006e 07FE      		sbrs __tmp_reg__,7
 152 0070 00C0      		rjmp .L16
 153               	.LBE73:
 154               	.LBE72:
 155               	.LBB74:
 156               	.LBB75:
 157               	.LM29:
 158 0072 84E9      		ldi r24,lo8(-108)
 159 0074 86BF      		out 86-0x20,r24
 160               	/* epilogue start */
 161               	.LBE75:
 162               	.LBE74:
 163               	.LM30:
 164 0076 0895      		ret
 165               	.LFE4:
 167               	.global	znak_
 169               	znak_:
 170               	.LFB5:
 171               	.LM31:
 172               	.LVL2:
 173               	/* prologue: function */
 174               	/* frame size = 0 */
 175               	.LM32:
 176 0078 2052      		subi r18,lo8(-(-32))
 177               	.LVL3:
 178 007a E5E0      		ldi r30,lo8(5)
 179 007c 2E9F      		mul r18,r30
 180 007e F001      		movw r30,r0
 181 0080 1124      		clr r1
 182               	.LVL4:
 183               	.LBB76:
 184               	.LBB77:
 185               	.LM33:
 186 0082 94EA      		ldi r25,lo8(-92)
 187 0084 96BF      		out 86-0x20,r25
 188               	.L23:
 189               	.LM34:
 190 0086 06B6      		in __tmp_reg__,86-0x20
 191 0088 07FE      		sbrs __tmp_reg__,7
 192 008a 00C0      		rjmp .L23
 193               	.LBE77:
 194               	.LBE76:
 195               	.LBB78:
 196               	.LBB79:
 197               	.LM35:
 198 008c 98E7      		ldi r25,lo8(120)
 199 008e 93B9      		out 35-0x20,r25
 200               	.LM36:
 201 0090 94E8      		ldi r25,lo8(-124)
 202 0092 96BF      		out 86-0x20,r25
 203               	.L24:
 204               	.LM37:
 205 0094 06B6      		in __tmp_reg__,86-0x20
 206 0096 07FE      		sbrs __tmp_reg__,7
 207 0098 00C0      		rjmp .L24
 208               	.LBE79:
 209               	.LBE78:
 210               	.LM38:
 211 009a 806E      		ori r24,lo8(-32)
 212               	.LVL5:
 213               	.LBB80:
 214               	.LBB81:
 215               	.LM39:
 216 009c 83B9      		out 35-0x20,r24
 217               	.LM40:
 218 009e 84E8      		ldi r24,lo8(-124)
 219 00a0 86BF      		out 86-0x20,r24
 220               	.L25:
 221               	.LM41:
 222 00a2 06B6      		in __tmp_reg__,86-0x20
 223 00a4 07FE      		sbrs __tmp_reg__,7
 224 00a6 00C0      		rjmp .L25
 225               	.LBE81:
 226               	.LBE80:
 227               	.LM42:
 228 00a8 606F      		ori r22,lo8(-16)
 229               	.LVL6:
 230               	.LBB82:
 231               	.LBB83:
 232               	.LM43:
 233 00aa 63B9      		out 35-0x20,r22
 234               	.LM44:
 235 00ac 84E8      		ldi r24,lo8(-124)
 236 00ae 86BF      		out 86-0x20,r24
 237               	.L26:
 238               	.LM45:
 239 00b0 06B6      		in __tmp_reg__,86-0x20
 240 00b2 07FE      		sbrs __tmp_reg__,7
 241 00b4 00C0      		rjmp .L26
 242               	.LBE83:
 243               	.LBE82:
 244               	.LM46:
 245 00b6 842F      		mov r24,r20
 246 00b8 880F      		lsl r24
 247 00ba 880F      		lsl r24
 248 00bc 840F      		add r24,r20
 249               	.LBB84:
 250               	.LBB85:
 251               	.LM47:
 252 00be 83B9      		out 35-0x20,r24
 253               	.LM48:
 254 00c0 84E8      		ldi r24,lo8(-124)
 255 00c2 86BF      		out 86-0x20,r24
 256               	.L27:
 257               	.LM49:
 258 00c4 06B6      		in __tmp_reg__,86-0x20
 259 00c6 07FE      		sbrs __tmp_reg__,7
 260 00c8 00C0      		rjmp .L27
 261               	.LBE85:
 262               	.LBE84:
 263               	.LBB86:
 264               	.LM50:
 265 00ca CF01      		movw r24,r30
 266 00cc 0196      		adiw r24,1
 267               	.LVL7:
 268 00ce E050      		subi r30,lo8(-(char5x7))
 269 00d0 F040      		sbci r31,hi8(-(char5x7))
 270               	/* #APP */
 271               	 ;  58 "pcf857x.c" 1
 272 00d2 E491      		lpm r30, Z
 273               		
 274               	 ;  0 "" 2
 275               	.LVL8:
 276               	/* #NOAPP */
 277               	.LBE86:
 278               	.LBB87:
 279               	.LBB88:
 280               	.LM51:
 281 00d4 E3B9      		out 35-0x20,r30
 282               	.LM52:
 283 00d6 24E8      		ldi r18,lo8(-124)
 284 00d8 26BF      		out 86-0x20,r18
 285               	.L28:
 286               	.LM53:
 287 00da 06B6      		in __tmp_reg__,86-0x20
 288 00dc 07FE      		sbrs __tmp_reg__,7
 289 00de 00C0      		rjmp .L28
 290               	.LBE88:
 291               	.LBE87:
 292               	.LBB89:
 293               	.LM54:
 294 00e0 9C01      		movw r18,r24
 295 00e2 2F5F      		subi r18,lo8(-(1))
 296 00e4 3F4F      		sbci r19,hi8(-(1))
 297               	.LVL9:
 298 00e6 8050      		subi r24,lo8(-(char5x7))
 299 00e8 9040      		sbci r25,hi8(-(char5x7))
 300 00ea FC01      		movw r30,r24
 301               	.LVL10:
 302               	/* #APP */
 303               	 ;  59 "pcf857x.c" 1
 304 00ec 8491      		lpm r24, Z
 305               		
 306               	 ;  0 "" 2
 307               	.LVL11:
 308               	/* #NOAPP */
 309               	.LBE89:
 310               	.LBB90:
 311               	.LBB91:
 312               	.LM55:
 313 00ee 83B9      		out 35-0x20,r24
 314               	.LM56:
 315 00f0 84E8      		ldi r24,lo8(-124)
 316               	.LVL12:
 317 00f2 86BF      		out 86-0x20,r24
 318               	.L29:
 319               	.LM57:
 320 00f4 06B6      		in __tmp_reg__,86-0x20
 321 00f6 07FE      		sbrs __tmp_reg__,7
 322 00f8 00C0      		rjmp .L29
 323               	.LBE91:
 324               	.LBE90:
 325               	.LBB92:
 326               	.LM58:
 327 00fa C901      		movw r24,r18
 328 00fc 0196      		adiw r24,1
 329               	.LVL13:
 330 00fe 2050      		subi r18,lo8(-(char5x7))
 331 0100 3040      		sbci r19,hi8(-(char5x7))
 332 0102 F901      		movw r30,r18
 333               	/* #APP */
 334               	 ;  60 "pcf857x.c" 1
 335 0104 2491      		lpm r18, Z
 336               		
 337               	 ;  0 "" 2
 338               	.LVL14:
 339               	/* #NOAPP */
 340               	.LBE92:
 341               	.LBB93:
 342               	.LBB94:
 343               	.LM59:
 344 0106 23B9      		out 35-0x20,r18
 345               	.LM60:
 346 0108 24E8      		ldi r18,lo8(-124)
 347               	.LVL15:
 348 010a 26BF      		out 86-0x20,r18
 349               	.L30:
 350               	.LM61:
 351 010c 06B6      		in __tmp_reg__,86-0x20
 352 010e 07FE      		sbrs __tmp_reg__,7
 353 0110 00C0      		rjmp .L30
 354               	.LBE94:
 355               	.LBE93:
 356               	.LBB95:
 357               	.LM62:
 358 0112 FC01      		movw r30,r24
 359 0114 E050      		subi r30,lo8(-(char5x7))
 360 0116 F040      		sbci r31,hi8(-(char5x7))
 361               	/* #APP */
 362               	 ;  61 "pcf857x.c" 1
 363 0118 2491      		lpm r18, Z
 364               		
 365               	 ;  0 "" 2
 366               	.LVL16:
 367               	/* #NOAPP */
 368               	.LBE95:
 369               	.LBB96:
 370               	.LBB97:
 371               	.LM63:
 372 011a 23B9      		out 35-0x20,r18
 373               	.LM64:
 374 011c 24E8      		ldi r18,lo8(-124)
 375               	.LVL17:
 376 011e 26BF      		out 86-0x20,r18
 377               	.L31:
 378               	.LM65:
 379 0120 06B6      		in __tmp_reg__,86-0x20
 380 0122 07FE      		sbrs __tmp_reg__,7
 381 0124 00C0      		rjmp .L31
 382               	.LBE97:
 383               	.LBE96:
 384               	.LBB98:
 385               	.LM66:
 386 0126 8050      		subi r24,lo8(-(char5x7+1))
 387 0128 9040      		sbci r25,hi8(-(char5x7+1))
 388               	.LVL18:
 389 012a FC01      		movw r30,r24
 390               	/* #APP */
 391               	 ;  62 "pcf857x.c" 1
 392 012c 8491      		lpm r24, Z
 393               		
 394               	 ;  0 "" 2
 395               	.LVL19:
 396               	/* #NOAPP */
 397               	.LBE98:
 398               	.LBB99:
 399               	.LBB100:
 400               	.LM67:
 401 012e 83B9      		out 35-0x20,r24
 402               	.LM68:
 403 0130 84E8      		ldi r24,lo8(-124)
 404               	.LVL20:
 405 0132 86BF      		out 86-0x20,r24
 406               	.L32:
 407               	.LM69:
 408 0134 06B6      		in __tmp_reg__,86-0x20
 409 0136 07FE      		sbrs __tmp_reg__,7
 410 0138 00C0      		rjmp .L32
 411               	.LBE100:
 412               	.LBE99:
 413               	.LBB101:
 414               	.LBB102:
 415               	.LM70:
 416 013a 84E9      		ldi r24,lo8(-108)
 417 013c 86BF      		out 86-0x20,r24
 418               	/* epilogue start */
 419               	.LBE102:
 420               	.LBE101:
 421               	.LM71:
 422 013e 0895      		ret
 423               	.LFE5:
 425               	.global	znak__
 427               	znak__:
 428               	.LFB6:
 429               	.LM72:
 430               	.LVL21:
 431               	/* prologue: function */
 432               	/* frame size = 0 */
 433               	.LM73:
 434 0140 2052      		subi r18,lo8(-(-32))
 435               	.LVL22:
 436 0142 95E0      		ldi r25,lo8(5)
 437 0144 299F      		mul r18,r25
 438 0146 9001      		movw r18,r0
 439 0148 1124      		clr r1
 440               	.LVL23:
 441 014a 2C5F      		subi r18,lo8(-(4))
 442 014c 3F4F      		sbci r19,hi8(-(4))
 443               	.LBB103:
 444               	.LBB104:
 445               	.LM74:
 446 014e 94EA      		ldi r25,lo8(-92)
 447 0150 96BF      		out 86-0x20,r25
 448               	.L45:
 449               	.LM75:
 450 0152 06B6      		in __tmp_reg__,86-0x20
 451 0154 07FE      		sbrs __tmp_reg__,7
 452 0156 00C0      		rjmp .L45
 453               	.LBE104:
 454               	.LBE103:
 455               	.LBB105:
 456               	.LBB106:
 457               	.LM76:
 458 0158 98E7      		ldi r25,lo8(120)
 459 015a 93B9      		out 35-0x20,r25
 460               	.LM77:
 461 015c 94E8      		ldi r25,lo8(-124)
 462 015e 96BF      		out 86-0x20,r25
 463               	.L46:
 464               	.LM78:
 465 0160 06B6      		in __tmp_reg__,86-0x20
 466 0162 07FE      		sbrs __tmp_reg__,7
 467 0164 00C0      		rjmp .L46
 468               	.LBE106:
 469               	.LBE105:
 470               	.LM79:
 471 0166 806E      		ori r24,lo8(-32)
 472               	.LVL24:
 473               	.LBB107:
 474               	.LBB108:
 475               	.LM80:
 476 0168 83B9      		out 35-0x20,r24
 477               	.LM81:
 478 016a 84E8      		ldi r24,lo8(-124)
 479 016c 86BF      		out 86-0x20,r24
 480               	.L47:
 481               	.LM82:
 482 016e 06B6      		in __tmp_reg__,86-0x20
 483 0170 07FE      		sbrs __tmp_reg__,7
 484 0172 00C0      		rjmp .L47
 485               	.LBE108:
 486               	.LBE107:
 487               	.LM83:
 488 0174 606F      		ori r22,lo8(-16)
 489               	.LVL25:
 490               	.LBB109:
 491               	.LBB110:
 492               	.LM84:
 493 0176 63B9      		out 35-0x20,r22
 494               	.LM85:
 495 0178 84E8      		ldi r24,lo8(-124)
 496 017a 86BF      		out 86-0x20,r24
 497               	.L48:
 498               	.LM86:
 499 017c 06B6      		in __tmp_reg__,86-0x20
 500 017e 07FE      		sbrs __tmp_reg__,7
 501 0180 00C0      		rjmp .L48
 502               	.LBE110:
 503               	.LBE109:
 504               	.LM87:
 505 0182 87E0      		ldi r24,lo8(7)
 506 0184 841B      		sub r24,r20
 507 0186 982F      		mov r25,r24
 508 0188 990F      		lsl r25
 509 018a 990F      		lsl r25
 510 018c 980F      		add r25,r24
 511               	.LBB111:
 512               	.LBB112:
 513               	.LM88:
 514 018e 93B9      		out 35-0x20,r25
 515               	.LM89:
 516 0190 84E8      		ldi r24,lo8(-124)
 517 0192 86BF      		out 86-0x20,r24
 518               	.L49:
 519               	.LM90:
 520 0194 06B6      		in __tmp_reg__,86-0x20
 521 0196 07FE      		sbrs __tmp_reg__,7
 522 0198 00C0      		rjmp .L49
 523               	.LBE112:
 524               	.LBE111:
 525               	.LBB113:
 526               	.LM91:
 527 019a C901      		movw r24,r18
 528 019c 0197      		sbiw r24,1
 529               	.LVL26:
 530 019e 2050      		subi r18,lo8(-(char5x7))
 531 01a0 3040      		sbci r19,hi8(-(char5x7))
 532 01a2 F901      		movw r30,r18
 533               	/* #APP */
 534               	 ;  75 "pcf857x.c" 1
 535 01a4 2491      		lpm r18, Z
 536               		
 537               	 ;  0 "" 2
 538               	.LVL27:
 539               	/* #NOAPP */
 540               	.LBE113:
 541               	.LBB114:
 542               	.LBB115:
 543               	.LM92:
 544 01a6 23B9      		out 35-0x20,r18
 545               	.LM93:
 546 01a8 24E8      		ldi r18,lo8(-124)
 547               	.LVL28:
 548 01aa 26BF      		out 86-0x20,r18
 549               	.L50:
 550               	.LM94:
 551 01ac 06B6      		in __tmp_reg__,86-0x20
 552 01ae 07FE      		sbrs __tmp_reg__,7
 553 01b0 00C0      		rjmp .L50
 554               	.LBE115:
 555               	.LBE114:
 556               	.LBB116:
 557               	.LM95:
 558 01b2 9C01      		movw r18,r24
 559 01b4 2150      		subi r18,lo8(-(-1))
 560 01b6 3040      		sbci r19,hi8(-(-1))
 561               	.LVL29:
 562 01b8 8050      		subi r24,lo8(-(char5x7))
 563 01ba 9040      		sbci r25,hi8(-(char5x7))
 564 01bc FC01      		movw r30,r24
 565               	/* #APP */
 566               	 ;  76 "pcf857x.c" 1
 567 01be 8491      		lpm r24, Z
 568               		
 569               	 ;  0 "" 2
 570               	.LVL30:
 571               	/* #NOAPP */
 572               	.LBE116:
 573               	.LBB117:
 574               	.LBB118:
 575               	.LM96:
 576 01c0 83B9      		out 35-0x20,r24
 577               	.LM97:
 578 01c2 84E8      		ldi r24,lo8(-124)
 579               	.LVL31:
 580 01c4 86BF      		out 86-0x20,r24
 581               	.L51:
 582               	.LM98:
 583 01c6 06B6      		in __tmp_reg__,86-0x20
 584 01c8 07FE      		sbrs __tmp_reg__,7
 585 01ca 00C0      		rjmp .L51
 586               	.LBE118:
 587               	.LBE117:
 588               	.LBB119:
 589               	.LM99:
 590 01cc C901      		movw r24,r18
 591 01ce 0197      		sbiw r24,1
 592               	.LVL32:
 593 01d0 2050      		subi r18,lo8(-(char5x7))
 594 01d2 3040      		sbci r19,hi8(-(char5x7))
 595 01d4 F901      		movw r30,r18
 596               	/* #APP */
 597               	 ;  77 "pcf857x.c" 1
 598 01d6 2491      		lpm r18, Z
 599               		
 600               	 ;  0 "" 2
 601               	.LVL33:
 602               	/* #NOAPP */
 603               	.LBE119:
 604               	.LBB120:
 605               	.LBB121:
 606               	.LM100:
 607 01d8 23B9      		out 35-0x20,r18
 608               	.LM101:
 609 01da 24E8      		ldi r18,lo8(-124)
 610               	.LVL34:
 611 01dc 26BF      		out 86-0x20,r18
 612               	.L52:
 613               	.LM102:
 614 01de 06B6      		in __tmp_reg__,86-0x20
 615 01e0 07FE      		sbrs __tmp_reg__,7
 616 01e2 00C0      		rjmp .L52
 617               	.LBE121:
 618               	.LBE120:
 619               	.LBB122:
 620               	.LM103:
 621 01e4 FC01      		movw r30,r24
 622 01e6 E050      		subi r30,lo8(-(char5x7))
 623 01e8 F040      		sbci r31,hi8(-(char5x7))
 624               	/* #APP */
 625               	 ;  78 "pcf857x.c" 1
 626 01ea 2491      		lpm r18, Z
 627               		
 628               	 ;  0 "" 2
 629               	.LVL35:
 630               	/* #NOAPP */
 631               	.LBE122:
 632               	.LBB123:
 633               	.LBB124:
 634               	.LM104:
 635 01ec 23B9      		out 35-0x20,r18
 636               	.LM105:
 637 01ee 24E8      		ldi r18,lo8(-124)
 638               	.LVL36:
 639 01f0 26BF      		out 86-0x20,r18
 640               	.L53:
 641               	.LM106:
 642 01f2 06B6      		in __tmp_reg__,86-0x20
 643 01f4 07FE      		sbrs __tmp_reg__,7
 644 01f6 00C0      		rjmp .L53
 645               	.LBE124:
 646               	.LBE123:
 647               	.LBB125:
 648               	.LM107:
 649 01f8 8050      		subi r24,lo8(-(char5x7-1))
 650 01fa 9040      		sbci r25,hi8(-(char5x7-1))
 651               	.LVL37:
 652 01fc FC01      		movw r30,r24
 653               	/* #APP */
 654               	 ;  79 "pcf857x.c" 1
 655 01fe 8491      		lpm r24, Z
 656               		
 657               	 ;  0 "" 2
 658               	.LVL38:
 659               	/* #NOAPP */
 660               	.LBE125:
 661               	.LBB126:
 662               	.LBB127:
 663               	.LM108:
 664 0200 83B9      		out 35-0x20,r24
 665               	.LM109:
 666 0202 84E8      		ldi r24,lo8(-124)
 667               	.LVL39:
 668 0204 86BF      		out 86-0x20,r24
 669               	.L54:
 670               	.LM110:
 671 0206 06B6      		in __tmp_reg__,86-0x20
 672 0208 07FE      		sbrs __tmp_reg__,7
 673 020a 00C0      		rjmp .L54
 674               	.LBE127:
 675               	.LBE126:
 676               	.LBB128:
 677               	.LBB129:
 678               	.LM111:
 679 020c 84E9      		ldi r24,lo8(-108)
 680 020e 86BF      		out 86-0x20,r24
 681               	/* epilogue start */
 682               	.LBE129:
 683               	.LBE128:
 684               	.LM112:
 685 0210 0895      		ret
 686               	.LFE6:
 688               	.global	znak
 690               	znak:
 691               	.LFB7:
 692               	.LM113:
 693               	.LVL40:
 694               	/* prologue: function */
 695               	/* frame size = 0 */
 696 0212 282F      		mov r18,r24
 697               	.LM114:
 698 0214 4091 0000 		lds r20,pos_x
 699 0218 4830      		cpi r20,lo8(8)
 700 021a 00F4      		brsh .L67
 701               	.LVL41:
 702               	.LM115:
 703 021c 80E0      		ldi r24,lo8(0)
 704 021e 00C0      		rjmp .L74
 705               	.LVL42:
 706               	.L67:
 707               	.LM116:
 708 0220 4031      		cpi r20,lo8(16)
 709 0222 00F0      		brlo .L69
 710               	.LM117:
 711 0224 4051      		subi r20,lo8(-(-16))
 712 0226 82E0      		ldi r24,lo8(2)
 713               	.L74:
 714 0228 6091 0000 		lds r22,pos_y
 715 022c 00D0      		rcall znak_
 716               	.LVL43:
 717 022e 00C0      		rjmp .L68
 718               	.LVL44:
 719               	.L69:
 720               	.LM118:
 721 0230 4850      		subi r20,lo8(-(-8))
 722 0232 81E0      		ldi r24,lo8(1)
 723 0234 6091 0000 		lds r22,pos_y
 724 0238 00D0      		rcall znak__
 725               	.LVL45:
 726               	.L68:
 727               	.LM119:
 728 023a 8091 0000 		lds r24,pos_x
 729 023e 8731      		cpi r24,lo8(23)
 730 0240 00F0      		brlo .L70
 731               	.LM120:
 732 0242 1092 0000 		sts pos_x,__zero_reg__
 733               	.LM121:
 734 0246 8091 0000 		lds r24,pos_y
 735 024a 8330      		cpi r24,lo8(3)
 736 024c 00F4      		brsh .L71
 737               	.LM122:
 738 024e 8F5F      		subi r24,lo8(-(1))
 739 0250 8093 0000 		sts pos_y,r24
 740 0254 0895      		ret
 741               	.L71:
 742               	.LM123:
 743 0256 1092 0000 		sts pos_y,__zero_reg__
 744 025a 0895      		ret
 745               	.L70:
 746               	.LM124:
 747 025c 8F5F      		subi r24,lo8(-(1))
 748 025e 8093 0000 		sts pos_x,r24
 749 0262 0895      		ret
 750               	.LFE7:
 752               	.global	lcd_str
 754               	lcd_str:
 755               	.LFB8:
 756               	.LM125:
 757               	.LVL46:
 758 0264 CF93      		push r28
 759 0266 DF93      		push r29
 760               	/* prologue: function */
 761               	/* frame size = 0 */
 762 0268 EC01      		movw r28,r24
 763               	.LVL47:
 764               	.L77:
 765               	.LM126:
 766 026a 8881      		ld r24,Y
 767 026c 8A30      		cpi r24,lo8(10)
 768 026e 01F4      		brne .L76
 769               	.LM127:
 770 0270 1092 0000 		sts pos_x,__zero_reg__
 771 0274 8091 0000 		lds r24,pos_y
 772 0278 8F5F      		subi r24,lo8(-(1))
 773 027a 8093 0000 		sts pos_y,r24
 774 027e 2196      		adiw r28,1
 775               	.L76:
 776               	.LM128:
 777 0280 8991      		ld r24,Y+
 778 0282 00D0      		rcall znak
 779               	.LM129:
 780 0284 8881      		ld r24,Y
 781 0286 8823      		tst r24
 782 0288 01F4      		brne .L77
 783               	/* epilogue start */
 784               	.LM130:
 785 028a DF91      		pop r29
 786 028c CF91      		pop r28
 787               	.LVL48:
 788 028e 0895      		ret
 789               	.LFE8:
 792               	LCD_putchar:
 793               	.LFB9:
 794               	.LM131:
 795               	.LVL49:
 796               	/* prologue: function */
 797               	/* frame size = 0 */
 798               	.LM132:
 799 0290 8A30      		cpi r24,lo8(10)
 800 0292 01F4      		brne .L81
 801               	.LM133:
 802 0294 1092 0000 		sts pos_x,__zero_reg__
 803 0298 8091 0000 		lds r24,pos_y
 804               	.LVL50:
 805 029c 8F5F      		subi r24,lo8(-(1))
 806 029e 8093 0000 		sts pos_y,r24
 807 02a2 00C0      		rjmp .L82
 808               	.LVL51:
 809               	.L81:
 810               	.LM134:
 811 02a4 00D0      		rcall znak
 812               	.LVL52:
 813               	.L82:
 814               	.LM135:
 815 02a6 80E0      		ldi r24,lo8(0)
 816 02a8 90E0      		ldi r25,hi8(0)
 817               	/* epilogue start */
 818 02aa 0895      		ret
 819               	.LFE9:
 821               		.section	.progmem.data,"a",@progbits
 824               	char5x7:
 825 0000 00        		.byte	0
 826 0001 00        		.byte	0
 827 0002 00        		.byte	0
 828 0003 00        		.byte	0
 829 0004 00        		.byte	0
 830 0005 00        		.byte	0
 831 0006 00        		.byte	0
 832 0007 5F        		.byte	95
 833 0008 00        		.byte	0
 834 0009 00        		.byte	0
 835 000a 00        		.byte	0
 836 000b 07        		.byte	7
 837 000c 00        		.byte	0
 838 000d 07        		.byte	7
 839 000e 00        		.byte	0
 840 000f 14        		.byte	20
 841 0010 7F        		.byte	127
 842 0011 14        		.byte	20
 843 0012 7F        		.byte	127
 844 0013 14        		.byte	20
 845 0014 24        		.byte	36
 846 0015 2A        		.byte	42
 847 0016 7F        		.byte	127
 848 0017 2A        		.byte	42
 849 0018 12        		.byte	18
 850 0019 23        		.byte	35
 851 001a 13        		.byte	19
 852 001b 08        		.byte	8
 853 001c 64        		.byte	100
 854 001d 62        		.byte	98
 855 001e 36        		.byte	54
 856 001f 49        		.byte	73
 857 0020 55        		.byte	85
 858 0021 22        		.byte	34
 859 0022 50        		.byte	80
 860 0023 00        		.byte	0
 861 0024 05        		.byte	5
 862 0025 03        		.byte	3
 863 0026 00        		.byte	0
 864 0027 00        		.byte	0
 865 0028 00        		.byte	0
 866 0029 1C        		.byte	28
 867 002a 22        		.byte	34
 868 002b 41        		.byte	65
 869 002c 00        		.byte	0
 870 002d 00        		.byte	0
 871 002e 41        		.byte	65
 872 002f 22        		.byte	34
 873 0030 1C        		.byte	28
 874 0031 00        		.byte	0
 875 0032 08        		.byte	8
 876 0033 2A        		.byte	42
 877 0034 1C        		.byte	28
 878 0035 2A        		.byte	42
 879 0036 08        		.byte	8
 880 0037 08        		.byte	8
 881 0038 08        		.byte	8
 882 0039 3E        		.byte	62
 883 003a 08        		.byte	8
 884 003b 08        		.byte	8
 885 003c 00        		.byte	0
 886 003d 50        		.byte	80
 887 003e 30        		.byte	48
 888 003f 00        		.byte	0
 889 0040 00        		.byte	0
 890 0041 08        		.byte	8
 891 0042 08        		.byte	8
 892 0043 08        		.byte	8
 893 0044 08        		.byte	8
 894 0045 08        		.byte	8
 895 0046 00        		.byte	0
 896 0047 60        		.byte	96
 897 0048 60        		.byte	96
 898 0049 00        		.byte	0
 899 004a 00        		.byte	0
 900 004b 20        		.byte	32
 901 004c 10        		.byte	16
 902 004d 08        		.byte	8
 903 004e 04        		.byte	4
 904 004f 02        		.byte	2
 905 0050 3E        		.byte	62
 906 0051 51        		.byte	81
 907 0052 49        		.byte	73
 908 0053 45        		.byte	69
 909 0054 3E        		.byte	62
 910 0055 00        		.byte	0
 911 0056 42        		.byte	66
 912 0057 7F        		.byte	127
 913 0058 40        		.byte	64
 914 0059 00        		.byte	0
 915 005a 42        		.byte	66
 916 005b 61        		.byte	97
 917 005c 51        		.byte	81
 918 005d 49        		.byte	73
 919 005e 46        		.byte	70
 920 005f 21        		.byte	33
 921 0060 41        		.byte	65
 922 0061 45        		.byte	69
 923 0062 4B        		.byte	75
 924 0063 31        		.byte	49
 925 0064 18        		.byte	24
 926 0065 14        		.byte	20
 927 0066 12        		.byte	18
 928 0067 7F        		.byte	127
 929 0068 10        		.byte	16
 930 0069 27        		.byte	39
 931 006a 45        		.byte	69
 932 006b 45        		.byte	69
 933 006c 45        		.byte	69
 934 006d 39        		.byte	57
 935 006e 3C        		.byte	60
 936 006f 4A        		.byte	74
 937 0070 49        		.byte	73
 938 0071 49        		.byte	73
 939 0072 30        		.byte	48
 940 0073 01        		.byte	1
 941 0074 71        		.byte	113
 942 0075 09        		.byte	9
 943 0076 05        		.byte	5
 944 0077 03        		.byte	3
 945 0078 36        		.byte	54
 946 0079 49        		.byte	73
 947 007a 49        		.byte	73
 948 007b 49        		.byte	73
 949 007c 36        		.byte	54
 950 007d 06        		.byte	6
 951 007e 49        		.byte	73
 952 007f 49        		.byte	73
 953 0080 29        		.byte	41
 954 0081 1E        		.byte	30
 955 0082 00        		.byte	0
 956 0083 36        		.byte	54
 957 0084 36        		.byte	54
 958 0085 00        		.byte	0
 959 0086 00        		.byte	0
 960 0087 00        		.byte	0
 961 0088 56        		.byte	86
 962 0089 36        		.byte	54
 963 008a 00        		.byte	0
 964 008b 00        		.byte	0
 965 008c 00        		.byte	0
 966 008d 08        		.byte	8
 967 008e 14        		.byte	20
 968 008f 22        		.byte	34
 969 0090 41        		.byte	65
 970 0091 14        		.byte	20
 971 0092 14        		.byte	20
 972 0093 14        		.byte	20
 973 0094 14        		.byte	20
 974 0095 14        		.byte	20
 975 0096 41        		.byte	65
 976 0097 22        		.byte	34
 977 0098 14        		.byte	20
 978 0099 08        		.byte	8
 979 009a 00        		.byte	0
 980 009b 02        		.byte	2
 981 009c 01        		.byte	1
 982 009d 51        		.byte	81
 983 009e 09        		.byte	9
 984 009f 06        		.byte	6
 985 00a0 32        		.byte	50
 986 00a1 49        		.byte	73
 987 00a2 79        		.byte	121
 988 00a3 41        		.byte	65
 989 00a4 3E        		.byte	62
 990 00a5 7E        		.byte	126
 991 00a6 11        		.byte	17
 992 00a7 11        		.byte	17
 993 00a8 11        		.byte	17
 994 00a9 7E        		.byte	126
 995 00aa 7F        		.byte	127
 996 00ab 49        		.byte	73
 997 00ac 49        		.byte	73
 998 00ad 49        		.byte	73
 999 00ae 36        		.byte	54
 1000 00af 3E        		.byte	62
 1001 00b0 41        		.byte	65
 1002 00b1 41        		.byte	65
 1003 00b2 41        		.byte	65
 1004 00b3 22        		.byte	34
 1005 00b4 7F        		.byte	127
 1006 00b5 41        		.byte	65
 1007 00b6 41        		.byte	65
 1008 00b7 22        		.byte	34
 1009 00b8 1C        		.byte	28
 1010 00b9 7F        		.byte	127
 1011 00ba 49        		.byte	73
 1012 00bb 49        		.byte	73
 1013 00bc 49        		.byte	73
 1014 00bd 41        		.byte	65
 1015 00be 7F        		.byte	127
 1016 00bf 09        		.byte	9
 1017 00c0 09        		.byte	9
 1018 00c1 01        		.byte	1
 1019 00c2 01        		.byte	1
 1020 00c3 3E        		.byte	62
 1021 00c4 41        		.byte	65
 1022 00c5 41        		.byte	65
 1023 00c6 51        		.byte	81
 1024 00c7 32        		.byte	50
 1025 00c8 7F        		.byte	127
 1026 00c9 08        		.byte	8
 1027 00ca 08        		.byte	8
 1028 00cb 08        		.byte	8
 1029 00cc 7F        		.byte	127
 1030 00cd 00        		.byte	0
 1031 00ce 41        		.byte	65
 1032 00cf 7F        		.byte	127
 1033 00d0 41        		.byte	65
 1034 00d1 00        		.byte	0
 1035 00d2 20        		.byte	32
 1036 00d3 40        		.byte	64
 1037 00d4 41        		.byte	65
 1038 00d5 3F        		.byte	63
 1039 00d6 01        		.byte	1
 1040 00d7 7F        		.byte	127
 1041 00d8 08        		.byte	8
 1042 00d9 14        		.byte	20
 1043 00da 22        		.byte	34
 1044 00db 41        		.byte	65
 1045 00dc 7F        		.byte	127
 1046 00dd 40        		.byte	64
 1047 00de 40        		.byte	64
 1048 00df 40        		.byte	64
 1049 00e0 40        		.byte	64
 1050 00e1 7F        		.byte	127
 1051 00e2 02        		.byte	2
 1052 00e3 04        		.byte	4
 1053 00e4 02        		.byte	2
 1054 00e5 7F        		.byte	127
 1055 00e6 7F        		.byte	127
 1056 00e7 04        		.byte	4
 1057 00e8 08        		.byte	8
 1058 00e9 10        		.byte	16
 1059 00ea 7F        		.byte	127
 1060 00eb 3E        		.byte	62
 1061 00ec 41        		.byte	65
 1062 00ed 41        		.byte	65
 1063 00ee 41        		.byte	65
 1064 00ef 3E        		.byte	62
 1065 00f0 7F        		.byte	127
 1066 00f1 09        		.byte	9
 1067 00f2 09        		.byte	9
 1068 00f3 09        		.byte	9
 1069 00f4 06        		.byte	6
 1070 00f5 3E        		.byte	62
 1071 00f6 41        		.byte	65
 1072 00f7 51        		.byte	81
 1073 00f8 21        		.byte	33
 1074 00f9 5E        		.byte	94
 1075 00fa 7F        		.byte	127
 1076 00fb 09        		.byte	9
 1077 00fc 19        		.byte	25
 1078 00fd 29        		.byte	41
 1079 00fe 46        		.byte	70
 1080 00ff 46        		.byte	70
 1081 0100 49        		.byte	73
 1082 0101 49        		.byte	73
 1083 0102 49        		.byte	73
 1084 0103 31        		.byte	49
 1085 0104 01        		.byte	1
 1086 0105 01        		.byte	1
 1087 0106 7F        		.byte	127
 1088 0107 01        		.byte	1
 1089 0108 01        		.byte	1
 1090 0109 3F        		.byte	63
 1091 010a 40        		.byte	64
 1092 010b 40        		.byte	64
 1093 010c 40        		.byte	64
 1094 010d 3F        		.byte	63
 1095 010e 1F        		.byte	31
 1096 010f 20        		.byte	32
 1097 0110 40        		.byte	64
 1098 0111 20        		.byte	32
 1099 0112 1F        		.byte	31
 1100 0113 7F        		.byte	127
 1101 0114 20        		.byte	32
 1102 0115 18        		.byte	24
 1103 0116 20        		.byte	32
 1104 0117 7F        		.byte	127
 1105 0118 63        		.byte	99
 1106 0119 14        		.byte	20
 1107 011a 08        		.byte	8
 1108 011b 14        		.byte	20
 1109 011c 63        		.byte	99
 1110 011d 03        		.byte	3
 1111 011e 04        		.byte	4
 1112 011f 78        		.byte	120
 1113 0120 04        		.byte	4
 1114 0121 03        		.byte	3
 1115 0122 61        		.byte	97
 1116 0123 51        		.byte	81
 1117 0124 49        		.byte	73
 1118 0125 45        		.byte	69
 1119 0126 43        		.byte	67
 1120 0127 00        		.byte	0
 1121 0128 00        		.byte	0
 1122 0129 7F        		.byte	127
 1123 012a 41        		.byte	65
 1124 012b 41        		.byte	65
 1125 012c 02        		.byte	2
 1126 012d 04        		.byte	4
 1127 012e 08        		.byte	8
 1128 012f 10        		.byte	16
 1129 0130 20        		.byte	32
 1130 0131 41        		.byte	65
 1131 0132 41        		.byte	65
 1132 0133 7F        		.byte	127
 1133 0134 00        		.byte	0
 1134 0135 00        		.byte	0
 1135 0136 04        		.byte	4
 1136 0137 02        		.byte	2
 1137 0138 01        		.byte	1
 1138 0139 02        		.byte	2
 1139 013a 04        		.byte	4
 1140 013b 40        		.byte	64
 1141 013c 40        		.byte	64
 1142 013d 40        		.byte	64
 1143 013e 40        		.byte	64
 1144 013f 40        		.byte	64
 1145 0140 00        		.byte	0
 1146 0141 01        		.byte	1
 1147 0142 02        		.byte	2
 1148 0143 04        		.byte	4
 1149 0144 00        		.byte	0
 1150 0145 20        		.byte	32
 1151 0146 54        		.byte	84
 1152 0147 54        		.byte	84
 1153 0148 54        		.byte	84
 1154 0149 78        		.byte	120
 1155 014a 7F        		.byte	127
 1156 014b 48        		.byte	72
 1157 014c 44        		.byte	68
 1158 014d 44        		.byte	68
 1159 014e 38        		.byte	56
 1160 014f 38        		.byte	56
 1161 0150 44        		.byte	68
 1162 0151 44        		.byte	68
 1163 0152 44        		.byte	68
 1164 0153 20        		.byte	32
 1165 0154 38        		.byte	56
 1166 0155 44        		.byte	68
 1167 0156 44        		.byte	68
 1168 0157 48        		.byte	72
 1169 0158 7F        		.byte	127
 1170 0159 38        		.byte	56
 1171 015a 54        		.byte	84
 1172 015b 54        		.byte	84
 1173 015c 54        		.byte	84
 1174 015d 18        		.byte	24
 1175 015e 08        		.byte	8
 1176 015f 7E        		.byte	126
 1177 0160 09        		.byte	9
 1178 0161 01        		.byte	1
 1179 0162 02        		.byte	2
 1180 0163 08        		.byte	8
 1181 0164 14        		.byte	20
 1182 0165 54        		.byte	84
 1183 0166 54        		.byte	84
 1184 0167 3C        		.byte	60
 1185 0168 7F        		.byte	127
 1186 0169 08        		.byte	8
 1187 016a 04        		.byte	4
 1188 016b 04        		.byte	4
 1189 016c 78        		.byte	120
 1190 016d 00        		.byte	0
 1191 016e 44        		.byte	68
 1192 016f 7D        		.byte	125
 1193 0170 40        		.byte	64
 1194 0171 00        		.byte	0
 1195 0172 20        		.byte	32
 1196 0173 40        		.byte	64
 1197 0174 44        		.byte	68
 1198 0175 3D        		.byte	61
 1199 0176 00        		.byte	0
 1200 0177 00        		.byte	0
 1201 0178 7F        		.byte	127
 1202 0179 10        		.byte	16
 1203 017a 28        		.byte	40
 1204 017b 44        		.byte	68
 1205 017c 00        		.byte	0
 1206 017d 41        		.byte	65
 1207 017e 7F        		.byte	127
 1208 017f 40        		.byte	64
 1209 0180 00        		.byte	0
 1210 0181 7C        		.byte	124
 1211 0182 04        		.byte	4
 1212 0183 18        		.byte	24
 1213 0184 04        		.byte	4
 1214 0185 78        		.byte	120
 1215 0186 7C        		.byte	124
 1216 0187 08        		.byte	8
 1217 0188 04        		.byte	4
 1218 0189 04        		.byte	4
 1219 018a 78        		.byte	120
 1220 018b 38        		.byte	56
 1221 018c 44        		.byte	68
 1222 018d 44        		.byte	68
 1223 018e 44        		.byte	68
 1224 018f 38        		.byte	56
 1225 0190 7C        		.byte	124
 1226 0191 14        		.byte	20
 1227 0192 14        		.byte	20
 1228 0193 14        		.byte	20
 1229 0194 08        		.byte	8
 1230 0195 08        		.byte	8
 1231 0196 14        		.byte	20
 1232 0197 14        		.byte	20
 1233 0198 18        		.byte	24
 1234 0199 7C        		.byte	124
 1235 019a 7C        		.byte	124
 1236 019b 08        		.byte	8
 1237 019c 04        		.byte	4
 1238 019d 04        		.byte	4
 1239 019e 08        		.byte	8
 1240 019f 48        		.byte	72
 1241 01a0 54        		.byte	84
 1242 01a1 54        		.byte	84
 1243 01a2 54        		.byte	84
 1244 01a3 20        		.byte	32
 1245 01a4 04        		.byte	4
 1246 01a5 3F        		.byte	63
 1247 01a6 44        		.byte	68
 1248 01a7 40        		.byte	64
 1249 01a8 20        		.byte	32
 1250 01a9 3C        		.byte	60
 1251 01aa 40        		.byte	64
 1252 01ab 40        		.byte	64
 1253 01ac 20        		.byte	32
 1254 01ad 7C        		.byte	124
 1255 01ae 1C        		.byte	28
 1256 01af 20        		.byte	32
 1257 01b0 40        		.byte	64
 1258 01b1 20        		.byte	32
 1259 01b2 1C        		.byte	28
 1260 01b3 3C        		.byte	60
 1261 01b4 40        		.byte	64
 1262 01b5 30        		.byte	48
 1263 01b6 40        		.byte	64
 1264 01b7 3C        		.byte	60
 1265 01b8 44        		.byte	68
 1266 01b9 28        		.byte	40
 1267 01ba 10        		.byte	16
 1268 01bb 28        		.byte	40
 1269 01bc 44        		.byte	68
 1270 01bd 0C        		.byte	12
 1271 01be 50        		.byte	80
 1272 01bf 50        		.byte	80
 1273 01c0 50        		.byte	80
 1274 01c1 3C        		.byte	60
 1275 01c2 44        		.byte	68
 1276 01c3 64        		.byte	100
 1277 01c4 54        		.byte	84
 1278 01c5 4C        		.byte	76
 1279 01c6 44        		.byte	68
 1280 01c7 00        		.byte	0
 1281 01c8 08        		.byte	8
 1282 01c9 36        		.byte	54
 1283 01ca 41        		.byte	65
 1284 01cb 00        		.byte	0
 1285 01cc 00        		.byte	0
 1286 01cd 00        		.byte	0
 1287 01ce 7F        		.byte	127
 1288 01cf 00        		.byte	0
 1289 01d0 00        		.byte	0
 1290 01d1 00        		.byte	0
 1291 01d2 41        		.byte	65
 1292 01d3 36        		.byte	54
 1293 01d4 08        		.byte	8
 1294 01d5 00        		.byte	0
 1295 01d6 08        		.byte	8
 1296 01d7 08        		.byte	8
 1297 01d8 2A        		.byte	42
 1298 01d9 1C        		.byte	28
 1299 01da 08        		.byte	8
 1300 01db 08        		.byte	8
 1301 01dc 1C        		.byte	28
 1302 01dd 2A        		.byte	42
 1303 01de 08        		.byte	8
 1304 01df 08        		.byte	8
 1305 01e0 38        		.byte	56
 1306 01e1 55        		.byte	85
 1307 01e2 56        		.byte	86
 1308 01e3 55        		.byte	85
 1309 01e4 08        		.byte	8
 1310 01e5 48        		.byte	72
 1311 01e6 55        		.byte	85
 1312 01e7 56        		.byte	86
 1313 01e8 55        		.byte	85
 1314 01e9 24        		.byte	36
 1315 01ea 38        		.byte	56
 1316 01eb 45        		.byte	69
 1317 01ec 46        		.byte	70
 1318 01ed 45        		.byte	69
 1319 01ee 28        		.byte	40
 1320 01ef 7C        		.byte	124
 1321 01f0 09        		.byte	9
 1322 01f1 06        		.byte	6
 1323 01f2 05        		.byte	5
 1324 01f3 08        		.byte	8
 1325 01f4 44        		.byte	68
 1326 01f5 65        		.byte	101
 1327 01f6 56        		.byte	86
 1328 01f7 4D        		.byte	77
 1329 01f8 44        		.byte	68
 1330 01f9 0C        		.byte	12
 1331 01fa 50        		.byte	80
 1332 01fb 52        		.byte	82
 1333 01fc 51        		.byte	81
 1334 01fd 3C        		.byte	60
 1335 01fe 20        		.byte	32
 1336 01ff 54        		.byte	84
 1337 0200 56        		.byte	86
 1338 0201 55        		.byte	85
 1339 0202 78        		.byte	120
 1340 0203 00        		.byte	0
 1341 0204 44        		.byte	68
 1342 0205 7E        		.byte	126
 1343 0206 41        		.byte	65
 1344 0207 00        		.byte	0
 1345 0208 38        		.byte	56
 1346 0209 54        		.byte	84
 1347 020a 56        		.byte	86
 1348 020b 55        		.byte	85
 1349 020c 08        		.byte	8
 1350 020d 3C        		.byte	60
 1351 020e 40        		.byte	64
 1352 020f 42        		.byte	66
 1353 0210 21        		.byte	33
 1354 0211 7C        		.byte	124
 1355 0212 3C        		.byte	60
 1356 0213 40        		.byte	64
 1357 0214 43        		.byte	67
 1358 0215 23        		.byte	35
 1359 0216 7C        		.byte	124
 1360 0217 7C        		.byte	124
 1361 0218 09        		.byte	9
 1362 0219 06        		.byte	6
 1363 021a 05        		.byte	5
 1364 021b 78        		.byte	120
 1365 021c 04        		.byte	4
 1366 021d 3F        		.byte	63
 1367 021e 44        		.byte	68
 1368 021f 40        		.byte	64
 1369 0220 23        		.byte	35
 1370 0221 38        		.byte	56
 1371 0222 44        		.byte	68
 1372 0223 48        		.byte	72
 1373 0224 7F        		.byte	127
 1374 0225 03        		.byte	3
 1375 0226 38        		.byte	56
 1376 0227 44        		.byte	68
 1377 0228 46        		.byte	70
 1378 0229 45        		.byte	69
 1379 022a 38        		.byte	56
 1380               		.data
 1383               	mystdout:
 1384 0000 0000 00   		.skip 3,0
 1385 0003 02        		.byte	2
 1386 0004 0000 0000 		.skip 4,0
 1387 0008 0000      		.word	gs(LCD_putchar)
 1388 000a 0000      		.word	0
 1389 000c 0000      		.word	0
 1390               		.comm pos_x,1,1
 1391               		.comm pos_y,1,1
 1480               	.Letext0:
DEFINED SYMBOLS
                            *ABS*:0000000000000000 pcf857x.c
     /tmp/ccEsHTYH.s:2      *ABS*:000000000000003f __SREG__
     /tmp/ccEsHTYH.s:3      *ABS*:000000000000003e __SP_H__
     /tmp/ccEsHTYH.s:4      *ABS*:000000000000003d __SP_L__
     /tmp/ccEsHTYH.s:5      *ABS*:0000000000000000 __tmp_reg__
     /tmp/ccEsHTYH.s:6      *ABS*:0000000000000001 __zero_reg__
     /tmp/ccEsHTYH.s:19     .text:0000000000000000 TwI_start
     /tmp/ccEsHTYH.s:39     .text:000000000000000c TWI_write
     /tmp/ccEsHTYH.s:63     .text:000000000000001a TWI_stop
     /tmp/ccEsHTYH.s:78     .text:0000000000000020 lcdinit
     /tmp/ccEsHTYH.s:1383   .data:0000000000000000 mystdout
                            *COM*:0000000000000001 pos_x
                            *COM*:0000000000000001 pos_y
     /tmp/ccEsHTYH.s:169    .text:0000000000000078 znak_
     /tmp/ccEsHTYH.s:824    .progmem.data:0000000000000000 char5x7
     /tmp/ccEsHTYH.s:427    .text:0000000000000140 znak__
     /tmp/ccEsHTYH.s:690    .text:0000000000000212 znak
     /tmp/ccEsHTYH.s:754    .text:0000000000000264 lcd_str
     /tmp/ccEsHTYH.s:792    .text:0000000000000290 LCD_putchar

UNDEFINED SYMBOLS
__do_copy_data
__do_clear_bss
__iob
